(*main.Editor)(0x2082b6480)({
 Running: (bool) true,
 Buffers: (main.Buffers) (len=1 cap=1) {
  (*main.Buffer)(0x2082b6240)({
   Modes: (main.Modes) (len=1 cap=1) {
    (main.BasicMode) {
    }
   },
   Name: (string) (len=9) "(scratch)",
   Filepath: (string) "",
   Lines: ([]*main.Line) {
   },
   CurrentLine: (int) 0,
   Changed: (bool) false
  })
 },
 WindowTree: (*main.WindowTree)(0x20829c370)({
  Top: (*main.WindowTree)(<nil>),
  Bottom: (*main.WindowTree)(<nil>),
  Left: (*main.WindowTree)(<nil>),
  Right: (*main.WindowTree)(<nil>),
  Split: (main.WindowSplit) 2,
  Leaf: (*main.Window)(0x208272040)({
   Buffer: (*main.Buffer)(0x2082b6240)({
    Modes: (main.Modes) (len=1 cap=1) {
     (main.BasicMode) {
     }
    },
    Name: (string) (len=9) "(scratch)",
    Filepath: (string) "",
    Lines: ([]*main.Line) {
    },
    CurrentLine: (int) 0,
    Changed: (bool) false
   }),
   CursorX: (int) 0,
   CursorY: (int) 0,
   Editor: (*main.Editor)(0x2082b6480)(<already shown>)
  }),
  Editor: (*main.Editor)(0x2082b6480)(<already shown>),
  Sizing: (main.WindowSizing) 1,
  SizingScale: (float32) 0.5,
  SizingFixed: (int) 0
 }),
 ActiveWindow: (*main.Window)(0x208272040)({
  Buffer: (*main.Buffer)(0x2082b6240)({
   Modes: (main.Modes) (len=1 cap=1) {
    (main.BasicMode) {
    }
   },
   Name: (string) (len=9) "(scratch)",
   Filepath: (string) "",
   Lines: ([]*main.Line) {
   },
   CurrentLine: (int) 0,
   Changed: (bool) false
  }),
  CursorX: (int) 0,
  CursorY: (int) 0,
  Editor: (*main.Editor)(0x2082b6480)(<already shown>)
 }),
 Frontend: (frontends.TermboxFrontend) {
 },
 EvChan: (chan frontends.Event) (cap=100) 0x2082b61e0,
 Height: (int) 62,
 Width: (int) 90
})
